\BOOKMARK [1][-]{indice.1}{\376\377\000\315\000n\000d\000i\000c\000e\000\040\000G\000e\000n\000e\000r\000a\000l}{}% 1
\BOOKMARK [1][-]{section*.2}{\376\377\000P\000r\000\363\000l\000o\000g\000o}{}% 2
\BOOKMARK [1][-]{section*.3}{\376\377\000R\000e\000s\000u\000m\000e\000n}{}% 3
\BOOKMARK [1][-]{section*.4}{\376\377\000A\000b\000s\000t\000r\000a\000c\000t}{}% 4
\BOOKMARK [1][-]{chapter*.5}{\376\377\000\315\000n\000d\000i\000c\000e\000\040\000d\000e\000\040\000F\000i\000g\000u\000r\000a\000s}{}% 5
\BOOKMARK [1][-]{chapter*.6}{\376\377\000\315\000n\000d\000i\000c\000e\000\040\000d\000e\000\040\000T\000a\000b\000l\000a\000s}{}% 6
\BOOKMARK [0][-]{chapter.1}{\376\377\000I\000n\000t\000r\000o\000d\000u\000c\000c\000i\000\363\000n}{}% 7
\BOOKMARK [0][-]{chapter.2}{\376\377\000M\000o\000d\000e\000l\000o\000s\000\040\000l\000i\000n\000e\000a\000l\000e\000s\000\040\000g\000e\000n\000e\000r\000a\000l\000i\000z\000a\000d\000o\000s}{}% 8
\BOOKMARK [1][-]{section.2.1}{\376\377\000I\000n\000t\000r\000o\000d\000u\000c\000c\000i\000\363\000n}{chapter.2}% 9
\BOOKMARK [1][-]{section.2.2}{\376\377\000M\000o\000d\000e\000l\000o\000s\000\040\000l\000i\000n\000e\000a\000l\000e\000s}{chapter.2}% 10
\BOOKMARK [1][-]{section.2.3}{\376\377\000M\000o\000d\000e\000l\000o\000s\000\040\000l\000i\000n\000e\000a\000l\000e\000s\000\040\000g\000e\000n\000e\000r\000a\000l\000i\000z\000a\000d\000o\000s}{chapter.2}% 11
\BOOKMARK [2][-]{subsection.2.3.1}{\376\377\000F\000a\000m\000i\000l\000i\000a\000\040\000d\000e\000\040\000d\000i\000s\000t\000r\000i\000b\000u\000c\000i\000o\000n\000e\000s\000\040\000e\000x\000p\000o\000n\000e\000n\000c\000i\000a\000l\000e\000s}{section.2.3}% 12
\BOOKMARK [2][-]{subsection.2.3.2}{\376\377\000A\000j\000u\000s\000t\000e\000\040\000d\000e\000\040\000l\000o\000s\000\040\000m\000o\000d\000e\000l\000o\000s\000\040\000l\000i\000n\000e\000a\000l\000e\000s\000\040\000g\000e\000n\000e\000r\000a\000l\000i\000z\000a\000d\000o\000s}{section.2.3}% 13
\BOOKMARK [2][-]{subsection.2.3.3}{\376\377\000F\000u\000n\000c\000i\000o\000n\000e\000s\000\040\000d\000e\000\040\000e\000n\000l\000a\000c\000e\000\040\000c\000a\000n\000\363\000n\000i\000c\000a\000s}{section.2.3}% 14
\BOOKMARK [2][-]{subsection.2.3.4}{\376\377\000R\000e\000s\000i\000d\000u\000o\000s}{section.2.3}% 15
\BOOKMARK [0][-]{chapter.3}{\376\377\000M\000o\000d\000e\000l\000o\000s\000\040\000a\000d\000i\000t\000i\000v\000o\000s\000\040\000g\000e\000n\000e\000r\000a\000l\000i\000z\000a\000d\000o\000s}{}% 16
\BOOKMARK [1][-]{section.3.1}{\376\377\000I\000n\000t\000r\000o\000d\000u\000c\000c\000i\000\363\000n}{chapter.3}% 17
\BOOKMARK [1][-]{section.3.2}{\376\377\000S\000u\000a\000v\000i\000z\000a\000d\000o\000\040\000u\000n\000i\000v\000a\000r\000i\000a\000n\000t\000e}{chapter.3}% 18
\BOOKMARK [2][-]{subsection.3.2.1}{\376\377\000B\000a\000s\000e\000s\000\040\000d\000e\000\040\000f\000u\000n\000c\000i\000o\000n\000e\000s}{section.3.2}% 19
\BOOKMARK [2][-]{subsection.3.2.2}{\376\377\000C\000o\000n\000t\000r\000o\000l\000\040\000d\000e\000l\000\040\000s\000u\000a\000v\000i\000z\000a\000d\000o}{section.3.2}% 20
\BOOKMARK [2][-]{subsection.3.2.3}{\376\377\000E\000l\000e\000c\000c\000i\000\363\000n\000\040\000d\000e\000l\000\040\000p\000a\000r\000\341\000m\000e\000t\000r\000o\000\040\000d\000e\000\040\000s\000u\000a\000v\000i\000z\000a\000d\000o}{section.3.2}% 21
\BOOKMARK [1][-]{section.3.3}{\376\377\000M\000o\000d\000e\000l\000o\000s\000\040\000a\000d\000i\000t\000i\000v\000o\000s}{chapter.3}% 22
\BOOKMARK [1][-]{section.3.4}{\376\377\000M\000o\000d\000e\000l\000o\000s\000\040\000a\000d\000i\000t\000i\000v\000o\000s\000\040\000g\000e\000n\000e\000r\000a\000l\000i\000z\000a\000d\000o\000s}{chapter.3}% 23
\BOOKMARK [2][-]{subsection.3.4.1}{\376\377\000A\000j\000u\000s\000t\000e\000\040\000d\000e\000l\000\040\000m\000o\000d\000e\000l\000o}{section.3.4}% 24
\BOOKMARK [0][-]{chapter.4}{\376\377\000T\000\355\000t\000u\000l\000o\000\040\000d\000e\000l\000\040\000C\000a\000p\000\355\000t\000u\000l\000o}{}% 25
\BOOKMARK [1][-]{section.4.1}{\376\377\000P\000r\000i\000m\000e\000r\000a\000\040\000s\000e\000c\000c\000i\000\363\000n}{chapter.4}% 26
\BOOKMARK [0][-]{appendix.Alph1}{\376\377\000A\000p\000\351\000n\000d\000i\000c\000e\000:\000\040\000T\000\355\000t\000u\000l\000o\000\040\000d\000e\000l\000\040\000A\000p\000\351\000n\000d\000i\000c\000e}{}% 27
\BOOKMARK [1][-]{section.Alph1.1}{\376\377\000P\000r\000i\000m\000e\000r\000a\000\040\000s\000e\000c\000c\000i\000\363\000n}{appendix.Alph1}% 28
\BOOKMARK [0][-]{appendix.Alph2}{\376\377\000A\000p\000\351\000n\000d\000i\000c\000e\000:\000\040\000T\000\355\000t\000u\000l\000o\000\040\000d\000e\000l\000\040\000A\000p\000\351\000n\000d\000i\000c\000e}{}% 29
\BOOKMARK [1][-]{section.Alph2.1}{\376\377\000P\000r\000i\000m\000e\000r\000a\000\040\000s\000e\000c\000c\000i\000\363\000n}{appendix.Alph2}% 30
\BOOKMARK [0][-]{appendix*.7}{\376\377\000B\000i\000b\000l\000i\000o\000g\000r\000a\000f\000\355\000a}{}% 31
